This is pdfTeX, Version 3.14159265-2.6-1.40.20 (MiKTeX 2.9.7140 64-bit) (preloaded format=pdflatex 2019.9.23)  27 SEP 2019 20:15
entering extended mode
**./Book.tex
(Book.tex
LaTeX2e <2018-12-01>

("C:\Users\asifm\AppData\Local\Programs\MiKTeX 2.9\tex/latex/extsizes\extreport
.cls"
Document Class: extreport 1996/10/08 v1.0 Non Standard LaTeX document class
("C:\Users\asifm\AppData\Local\Programs\MiKTeX 2.9\tex/latex/base\size12.clo"
File: size12.clo 2018/09/03 v1.4i Standard LaTeX file (size option)
)
("C:\Users\asifm\AppData\Local\Programs\MiKTeX 2.9\tex/latex/base\exscale.sty"
Package: exscale 2018/09/24 v2.1i Standard LaTeX package exscale
LaTeX Font Info:    Redeclaring symbol font `largesymbols' on input line 57.
LaTeX Font Info:    Overwriting symbol font `largesymbols' in version `normal'
(Font)                  OMX/cmex/m/n --> OMX/cmex/m/n on input line 57.
LaTeX Font Info:    Overwriting symbol font `largesymbols' in version `bold'
(Font)                  OMX/cmex/m/n --> OMX/cmex/m/n on input line 57.
\big@size=\dimen102
)
\c@part=\count80
\c@chapter=\count81
\c@section=\count82
\c@subsection=\count83
\c@subsubsection=\count84
\c@paragraph=\count85
\c@subparagraph=\count86
\c@figure=\count87
\c@table=\count88
\abovecaptionskip=\skip41
\belowcaptionskip=\skip42
\bibindent=\dimen103
)
("C:\Users\asifm\AppData\Local\Programs\MiKTeX 2.9\tex/latex/graphics\epsfig.st
y"
Package: epsfig 2017/06/25 v1.7b (e)psfig emulation (SPQR)

("C:\Users\asifm\AppData\Local\Programs\MiKTeX 2.9\tex/latex/graphics\graphicx.
sty"
Package: graphicx 2017/06/01 v1.1a Enhanced LaTeX Graphics (DPC,SPQR)

("C:\Users\asifm\AppData\Local\Programs\MiKTeX 2.9\tex/latex/graphics\keyval.st
y"
Package: keyval 2014/10/28 v1.15 key=value parser (DPC)
\KV@toks@=\toks14
)
("C:\Users\asifm\AppData\Local\Programs\MiKTeX 2.9\tex/latex/graphics\graphics.
sty"
Package: graphics 2017/06/25 v1.2c Standard LaTeX Graphics (DPC,SPQR)

("C:\Users\asifm\AppData\Local\Programs\MiKTeX 2.9\tex/latex/graphics\trig.sty"
Package: trig 2016/01/03 v1.10 sin cos tan (DPC)
)
("C:\Users\asifm\AppData\Local\Programs\MiKTeX 2.9\tex/latex/graphics-cfg\graph
ics.cfg"
File: graphics.cfg 2016/06/04 v1.11 sample graphics configuration
)
Package graphics Info: Driver file: pdftex.def on input line 99.

("C:\Users\asifm\AppData\Local\Programs\MiKTeX 2.9\tex/latex/graphics-def\pdfte
x.def"
File: pdftex.def 2018/01/08 v1.0l Graphics/color driver for pdftex
))
\Gin@req@height=\dimen104
\Gin@req@width=\dimen105
)
\epsfxsize=\dimen106
\epsfysize=\dimen107
)
("C:\Users\asifm\AppData\Local\Programs\MiKTeX 2.9\tex/latex/amsmath\amsmath.st
y"
Package: amsmath 2018/12/01 v2.17b AMS math features
\@mathmargin=\skip43

For additional information on amsmath, use the `?' option.

("C:\Users\asifm\AppData\Local\Programs\MiKTeX 2.9\tex/latex/amsmath\amstext.st
y"
Package: amstext 2000/06/29 v2.01 AMS text

("C:\Users\asifm\AppData\Local\Programs\MiKTeX 2.9\tex/latex/amsmath\amsgen.sty
"
File: amsgen.sty 1999/11/30 v2.0 generic functions
\@emptytoks=\toks15
\ex@=\dimen108
))
("C:\Users\asifm\AppData\Local\Programs\MiKTeX 2.9\tex/latex/amsmath\amsbsy.sty
"
Package: amsbsy 1999/11/29 v1.2d Bold Symbols
\pmbraise@=\dimen109
)
("C:\Users\asifm\AppData\Local\Programs\MiKTeX 2.9\tex/latex/amsmath\amsopn.sty
"
Package: amsopn 2016/03/08 v2.02 operator names
)
\inf@bad=\count89
LaTeX Info: Redefining \frac on input line 223.
\uproot@=\count90
\leftroot@=\count91
LaTeX Info: Redefining \overline on input line 385.
\classnum@=\count92
\DOTSCASE@=\count93
LaTeX Info: Redefining \ldots on input line 482.
LaTeX Info: Redefining \dots on input line 485.
LaTeX Info: Redefining \cdots on input line 606.
\Mathstrutbox@=\box27
\strutbox@=\box28
\big@size=\dimen110
LaTeX Font Info:    Redeclaring font encoding OML on input line 729.
LaTeX Font Info:    Redeclaring font encoding OMS on input line 730.
\macc@depth=\count94
\c@MaxMatrixCols=\count95
\dotsspace@=\muskip10
\c@parentequation=\count96
\dspbrk@lvl=\count97
\tag@help=\toks16
\row@=\count98
\column@=\count99
\maxfields@=\count100
\andhelp@=\toks17
\eqnshift@=\dimen111
\alignsep@=\dimen112
\tagshift@=\dimen113
\tagwidth@=\dimen114
\totwidth@=\dimen115
\lineht@=\dimen116
\@envbody=\toks18
\multlinegap=\skip44
\multlinetaggap=\skip45
\mathdisplay@stack=\toks19
LaTeX Info: Redefining \[ on input line 2844.
LaTeX Info: Redefining \] on input line 2845.
)
("C:\Users\asifm\AppData\Local\Programs\MiKTeX 2.9\tex/latex/threeparttable\thr
eeparttable.sty"
Package: threeparttable 2003/06/13  v 3.0
\@tempboxb=\box29
)
("C:\Users\asifm\AppData\Local\Programs\MiKTeX 2.9\tex/latex/graphics\rotating.
sty"
Package: rotating 2016/08/11 v2.16d rotated objects in LaTeX

("C:\Users\asifm\AppData\Local\Programs\MiKTeX 2.9\tex/latex/base\ifthen.sty"
Package: ifthen 2014/09/29 v1.1c Standard LaTeX ifthen package (DPC)
)
\c@r@tfl@t=\count101
\rotFPtop=\skip46
\rotFPbot=\skip47
\rot@float@box=\box30
\rot@mess@toks=\toks20
)
("C:\Users\asifm\AppData\Local\Programs\MiKTeX 2.9\tex/latex/graphics\lscape.st
y"
Package: lscape 2000/10/22 v3.01 Landscape Pages (DPC)
)
("C:\Users\asifm\AppData\Local\Programs\MiKTeX 2.9\tex/latex/supertabular\super
tabular.sty"
Package: supertabular 2004/02/20 v4.1e the supertabular environment
\c@tracingst=\count102
\ST@wd=\dimen117
\ST@rightskip=\skip48
\ST@leftskip=\skip49
\ST@parfillskip=\skip50
\ST@pageleft=\dimen118
\ST@headht=\dimen119
\ST@tailht=\dimen120
\ST@pagesofar=\dimen121
\ST@pboxht=\dimen122
\ST@lineht=\dimen123
\ST@stretchht=\dimen124
\ST@prevht=\dimen125
\ST@toadd=\dimen126
\ST@dimen=\dimen127
\ST@pbox=\box31
)
("C:\Users\asifm\AppData\Local\Programs\MiKTeX 2.9\tex/latex/amsfonts\amssymb.s
ty"
Package: amssymb 2013/01/14 v3.01 AMS font symbols

("C:\Users\asifm\AppData\Local\Programs\MiKTeX 2.9\tex/latex/amsfonts\amsfonts.
sty"
Package: amsfonts 2013/01/14 v3.01 Basic AMSFonts support
\symAMSa=\mathgroup4
\symAMSb=\mathgroup5
LaTeX Font Info:    Overwriting math alphabet `\mathfrak' in version `bold'
(Font)                  U/euf/m/n --> U/euf/b/n on input line 106.
))
("C:\Users\asifm\AppData\Local\Programs\MiKTeX 2.9\tex/latex/tools\afterpage.st
y"
Package: afterpage 2014/10/28 v1.08 After-Page Package (DPC)
\AP@output=\toks21
\AP@partial=\box32
\AP@footins=\box33
)
("C:\Users\asifm\AppData\Local\Programs\MiKTeX 2.9\tex/latex/fancyhdr\fancyhdr.
sty"
Package: fancyhdr 2019/01/31 v3.10 Extensive control of page headers and footer
s
\f@nch@headwidth=\skip51
\f@nch@O@elh=\skip52
\f@nch@O@erh=\skip53
\f@nch@O@olh=\skip54
\f@nch@O@orh=\skip55
\f@nch@O@elf=\skip56
\f@nch@O@erf=\skip57
\f@nch@O@olf=\skip58
\f@nch@O@orf=\skip59
) (caption_pmo.sty
Package: caption_pmo 1995/01/09 v1.3 caption package (AS)

Package: caption_pmo v1.3 <1995/01/09> (Axel Sommerfeldt)
\captionmargin=\skip60
\as@captionbox=\box34
\as@captionwidth=\skip61
) ("C:\Users\asifm\AppData\Local\Programs\MiKTeX 2.9\tex/latex/psnfss\pifont.st
y"
Package: pifont 2005/04/12 PSNFSS-v9.2a Pi font support (SPQR) 
LaTeX Font Info:    Try loading font information for U+pzd on input line 63.
 ("C:\Users\asifm\AppData\Local\Programs\MiKTeX 2.9\tex/latex/psnfss\upzd.fd"
File: upzd.fd 2001/06/04 font definitions for U/pzd.
)
LaTeX Font Info:    Try loading font information for U+psy on input line 64.
 ("C:\Users\asifm\AppData\Local\Programs\MiKTeX 2.9\tex/latex/psnfss\upsy.fd"
File: upsy.fd 2001/06/04 font definitions for U/psy.
)) ("C:\Users\asifm\AppData\Local\Programs\MiKTeX 2.9\tex/latex/tools\dcolumn.s
ty"
Package: dcolumn 2014/10/28 v1.06 decimal alignment package (DPC)
 ("C:\Users\asifm\AppData\Local\Programs\MiKTeX 2.9\tex/latex/tools\array.sty"
Package: array 2018/12/30 v2.4k Tabular extension package (FMi)
\col@sep=\dimen128
\ar@mcellbox=\box35
\extrarowheight=\dimen129
\NC@list=\toks22
\extratabsurround=\skip62
\backup@length=\skip63
\ar@cellbox=\box36
))
("C:\Users\asifm\AppData\Local\Programs\MiKTeX 2.9\tex/latex/multirow\multirow.
sty"
Package: multirow 2019/05/31 v2.5 Span multiple rows of a table
\multirow@colwidth=\skip64
\multirow@cntb=\count103
\multirow@dima=\skip65
\bigstrutjot=\dimen130
)
("C:\Users\asifm\AppData\Local\Programs\MiKTeX 2.9\tex/latex/jknappen\mathrsfs.
sty"
Package: mathrsfs 1996/01/01 Math RSFS package v1.0 (jk)
\symrsfs=\mathgroup6
)
("C:\Users\asifm\AppData\Local\Programs\MiKTeX 2.9\tex/latex/tools\hhline.sty"
Package: hhline 2014/10/28 v2.03 Table rule package (DPC)
) ("C:\Users\asifm\AppData\Local\Programs\MiKTeX 2.9\tex/latex/graphics\color.s
ty"
Package: color 2016/07/10 v1.1e Standard LaTeX Color (DPC)

("C:\Users\asifm\AppData\Local\Programs\MiKTeX 2.9\tex/latex/graphics-cfg\color
.cfg"
File: color.cfg 2016/01/02 v1.6 sample color configuration
)
Package color Info: Driver file: pdftex.def on input line 147.
)
("C:\Users\asifm\AppData\Local\Programs\MiKTeX 2.9\tex/latex/fancybox\fancybox.
sty"
Package: fancybox 2010/05/15 1.4

Style option: `fancybox' v1.4 <2010/05/15> (tvz)
\@fancybox=\box37
\shadowsize=\dimen131
\@Sbox=\box38
\do@VerbBox=\toks23
\the@fancyput=\toks24
\this@fancyput=\toks25
\EndVerbatimTokens=\toks26
\Verbatim@Outfile=\write3
\Verbatim@Infile=\read1
) ("C:\Users\asifm\AppData\Local\Programs\MiKTeX 2.9\tex/latex/cite\cite.sty"
LaTeX Info: Redefining \cite on input line 302.
LaTeX Info: Redefining \nocite on input line 332.
Package: cite 2015/02/27  v 5.5
)
("C:\Users\asifm\AppData\Local\Programs\MiKTeX 2.9\tex/latex/float\float.sty"
Package: float 2001/11/08 v1.3d Float enhancements (AL)
\c@float@type=\count104
\float@exts=\toks27
\float@box=\box39
\@float@everytoks=\toks28
\@floatcapt=\box40
)
("C:\Users\asifm\AppData\Local\Programs\MiKTeX 2.9\tex/latex/here\here.sty")
("C:\Users\asifm\AppData\Local\Programs\MiKTeX 2.9\tex/latex/enumitem\enumitem.
sty"
Package: enumitem 2019/06/20 v3.9 Customized lists
\labelindent=\skip66
\enit@outerparindent=\dimen132
\enit@toks=\toks29
\enit@inbox=\box41
\enit@count@id=\count105
\enitdp@description=\count106
)
("C:\Users\asifm\AppData\Local\Programs\MiKTeX 2.9\tex/latex/ragged2e\ragged2e.
sty"
Package: ragged2e 2019/07/28 v2.2 ragged2e Package (MS)

("C:\Users\asifm\AppData\Local\Programs\MiKTeX 2.9\tex/latex/ms\everysel.sty"
Package: everysel 2011/10/28 v1.2 EverySelectfont Package (MS)
)
\CenteringLeftskip=\skip67
\RaggedLeftLeftskip=\skip68
\RaggedRightLeftskip=\skip69
\CenteringRightskip=\skip70
\RaggedLeftRightskip=\skip71
\RaggedRightRightskip=\skip72
\CenteringParfillskip=\skip73
\RaggedLeftParfillskip=\skip74
\RaggedRightParfillskip=\skip75
\JustifyingParfillskip=\skip76
\CenteringParindent=\skip77
\RaggedLeftParindent=\skip78
\RaggedRightParindent=\skip79
\JustifyingParindent=\skip80
) ("C:\Users\asifm\AppData\Local\Programs\MiKTeX 2.9\tex/latex/tools\theorem.st
y"
Package: theorem 2014/10/28 v2.2c Theorem extension package (FMi)
\theorem@style=\toks30
\theorem@bodyfont=\toks31
\theorempreskipamount=\skip81
\theorempostskipamount=\skip82
 ("C:\Users\asifm\AppData\Local\Programs\MiKTeX 2.9\tex/latex/tools\thp.sty"
File: thp.sty 2014/10/28 v2.2c Theorem extension package (FMi)
)) (boxdims.sty
\@dimensionfile=\write4
\openout4 = `Book.dim'.


Writing dimension file Book.dim 
\dimbox=\box42
)
("C:\Users\asifm\AppData\Local\Programs\MiKTeX 2.9\tex/latex/pstricks\pstricks.
sty"
Package: pstricks 2018/12/21 v0.69 LaTeX wrapper for `PSTricks' (RN,HV)

("C:\Users\asifm\AppData\Local\Programs\MiKTeX 2.9\tex/latex/iftex\iftex.sty"
Package: iftex 2013/04/04 v0.2 Provides if(tex) conditional for PDFTeX, XeTeX, 
and LuaTeX
)
("C:\Users\asifm\AppData\Local\Programs\MiKTeX 2.9\tex/latex/tools\shellesc.sty
"
Package: shellesc 2016/06/07 v0.02a unified shell escape interface for LaTeX
Package shellesc Info: Restricted shell escape enabled on input line 69.
)
("C:\Users\asifm\AppData\Local\Programs\MiKTeX 2.9\tex/latex/xcolor\xcolor.sty"
Package: xcolor 2016/05/11 v2.12 LaTeX color extensions (UK)

("C:\Users\asifm\AppData\Local\Programs\MiKTeX 2.9\tex/latex/graphics-cfg\color
.cfg"
File: color.cfg 2016/01/02 v1.6 sample color configuration
)
Package xcolor Info: Driver file: pdftex.def on input line 225.
LaTeX Info: Redefining \color on input line 709.
Package xcolor Info: Model `cmy' substituted by `cmy0' on input line 1348.
Package xcolor Info: Model `hsb' substituted by `rgb' on input line 1352.
Package xcolor Info: Model `RGB' extended on input line 1364.
Package xcolor Info: Model `HTML' substituted by `rgb' on input line 1366.
Package xcolor Info: Model `Hsb' substituted by `hsb' on input line 1367.
Package xcolor Info: Model `tHsb' substituted by `hsb' on input line 1368.
Package xcolor Info: Model `HSB' substituted by `hsb' on input line 1369.
Package xcolor Info: Model `Gray' substituted by `gray' on input line 1370.
Package xcolor Info: Model `wave' substituted by `hsb' on input line 1371.
)
("C:\Users\asifm\AppData\Local\Programs\MiKTeX 2.9\tex/generic/xkeyval\pst-xkey
.tex"
File: pst-xkey.tex 2005/11/25 v1.6 PSTricks specialization of xkeyval (HA)

("C:\Users\asifm\AppData\Local\Programs\MiKTeX 2.9\tex/latex/xkeyval\xkeyval.st
y"
Package: xkeyval 2014/12/03 v2.7a package option processing (HA)

("C:\Users\asifm\AppData\Local\Programs\MiKTeX 2.9\tex/generic/xkeyval\xkeyval.
tex"
("C:\Users\asifm\AppData\Local\Programs\MiKTeX 2.9\tex/generic/xkeyval\xkvutils
.tex"
\XKV@toks=\toks32
\XKV@tempa@toks=\toks33
)
\XKV@depth=\count107
File: xkeyval.tex 2014/12/03 v2.7a key=value parser (HA)
)))
("C:\Users\asifm\AppData\Local\Programs\MiKTeX 2.9\tex/generic/pstricks\pstrick
s.tex"
("C:\Users\asifm\AppData\Local\Programs\MiKTeX 2.9\tex/generic/pstricks\pst-fp.
tex" `pst-fp' v0.05, 2010/01/17 (hv)
\pstFP@xs=\count108
\pstFP@xia=\count109
\pstFP@xib=\count110
\pstFP@xfa=\count111
\pstFP@xfb=\count112
\pstFP@rega=\count113
\pstFP@regb=\count114
\pstFP@regs=\count115
\pstFP@times=\count116
)
("C:\Users\asifm\AppData\Local\Programs\MiKTeX 2.9\tex/generic/pgf/utilities\pg
futil-common.tex"
\pgfutil@everybye=\toks34
\pgfutil@tempdima=\dimen133
\pgfutil@tempdimb=\dimen134

("C:\Users\asifm\AppData\Local\Programs\MiKTeX 2.9\tex/generic/pgf/utilities\pg
futil-common-lists.tex"))
("C:\Users\asifm\AppData\Local\Programs\MiKTeX 2.9\tex/generic/pgf/utilities\pg
fkeys.code.tex"
\pgfkeys@pathtoks=\toks35
\pgfkeys@temptoks=\toks36

("C:\Users\asifm\AppData\Local\Programs\MiKTeX 2.9\tex/generic/pgf/utilities\pg
fkeysfiltered.code.tex"
\pgfkeys@tmptoks=\toks37
))
("C:\Users\asifm\AppData\Local\Programs\MiKTeX 2.9\tex/generic/pgf/utilities\pg
ffor.code.tex"
Loading pgffor.code.tex

("C:\Users\asifm\AppData\Local\Programs\MiKTeX 2.9\tex/generic/pgf/math\pgfmath
.code.tex"
("C:\Users\asifm\AppData\Local\Programs\MiKTeX 2.9\tex/generic/pgf/math\pgfmath
calc.code.tex"
("C:\Users\asifm\AppData\Local\Programs\MiKTeX 2.9\tex/generic/pgf/math\pgfmath
util.code.tex"
\pgf@x=\dimen135
\pgf@xa=\dimen136
\pgf@xb=\dimen137
\pgf@xc=\dimen138
\pgf@y=\dimen139
\pgf@ya=\dimen140
\pgf@yb=\dimen141
\pgf@yc=\dimen142
\c@pgf@counta=\count117
\c@pgf@countb=\count118
\c@pgf@countc=\count119
\c@pgf@countd=\count120
\pgfutil@tempcnta=\count121
\pgfutil@tempcntb=\count122
)
("C:\Users\asifm\AppData\Local\Programs\MiKTeX 2.9\tex/generic/pgf/math\pgfmath
parser.code.tex"
\pgfmath@dimen=\dimen143
\pgfmath@count=\count123
\pgfmath@box=\box43
\pgfmath@toks=\toks38
\pgfmath@stack@operand=\toks39
\pgfmath@stack@operation=\toks40
)
("C:\Users\asifm\AppData\Local\Programs\MiKTeX 2.9\tex/generic/pgf/math\pgfmath
functions.code.tex"
("C:\Users\asifm\AppData\Local\Programs\MiKTeX 2.9\tex/generic/pgf/math\pgfmath
functions.basic.code.tex")
("C:\Users\asifm\AppData\Local\Programs\MiKTeX 2.9\tex/generic/pgf/math\pgfmath
functions.trigonometric.code.tex")
("C:\Users\asifm\AppData\Local\Programs\MiKTeX 2.9\tex/generic/pgf/math\pgfmath
functions.random.code.tex")
("C:\Users\asifm\AppData\Local\Programs\MiKTeX 2.9\tex/generic/pgf/math\pgfmath
functions.comparison.code.tex")
("C:\Users\asifm\AppData\Local\Programs\MiKTeX 2.9\tex/generic/pgf/math\pgfmath
functions.base.code.tex")
("C:\Users\asifm\AppData\Local\Programs\MiKTeX 2.9\tex/generic/pgf/math\pgfmath
functions.round.code.tex")
("C:\Users\asifm\AppData\Local\Programs\MiKTeX 2.9\tex/generic/pgf/math\pgfmath
functions.misc.code.tex")
("C:\Users\asifm\AppData\Local\Programs\MiKTeX 2.9\tex/generic/pgf/math\pgfmath
functions.integerarithmetics.code.tex")))
("C:\Users\asifm\AppData\Local\Programs\MiKTeX 2.9\tex/generic/pgf/math\pgfmath
float.code.tex"
\c@pgfmathroundto@lastzeros=\count124
))
\pgffor@iter=\dimen144
\pgffor@skip=\dimen145
\pgffor@stack=\toks41
\pgffor@toks=\toks42
)
\psLoopIndex=\count125

`PSTricks' v2.97  <2019/05/11> (tvz,hv)
\pst@dima=\dimen146
\pst@dimb=\dimen147
\pst@dimc=\dimen148
\pst@dimd=\dimen149
\pst@dimg=\dimen150
\pst@dimh=\dimen151
\pst@dimm=\dimen152
\pst@dimn=\dimen153
\pst@dimo=\dimen154
\pst@dimp=\dimen155
\pst@hbox=\box44
\pst@ibox=\box45
\pst@boxg=\box46
\pst@cnta=\count126
\pst@cntb=\count127
\pst@cntc=\count128
\pst@cntd=\count129
\pst@cntg=\count130
\pst@cnth=\count131
\pst@cntm=\count132
\pst@cntn=\count133
\pst@cnto=\count134
\pst@cntp=\count135
\@zero=\count136
\pst@toks=\toks43

("C:\Users\asifm\AppData\Local\Programs\MiKTeX 2.9\tex/generic/pstricks\pstrick
s.con")
\psunit=\dimen156
\psxunit=\dimen157
\psyunit=\dimen158
\pst@C@@rType=\count137
\pslinewidth=\dimen159
\psk@startLW=\dimen160
\psk@endLW=\dimen161
\pst@customdefs=\toks44
\pslinearc=\dimen162
\pst@symbolStep=\dimen163
\pst@symbolWidth=\dimen164
\pst@symbolLinewidth=\dimen165
\everypsbox=\toks45
\psframesep=\dimen166
\pslabelsep=\dimen167
\sh@wgridXunit=\dimen168
\sh@wgridYunit=\dimen169
\pst@shift=\dimen170
)
File: pstricks.tex 2019/05/11 v2.97 `PSTricks' (tvz,hv)

("C:\Users\asifm\AppData\Local\Programs\MiKTeX 2.9\tex/generic/pstricks\pst-fp.
tex")
File: pst-fp.tex 2019/05/11 v2.97 `PST-fp' (hv)
)
("C:\Users\asifm\AppData\Local\Programs\MiKTeX 2.9\tex/latex/subfigure\subfigur
e.sty"
Package: subfigure 2002/07/30 v2.1.4 subfigure package
\subfigtopskip=\skip83
\subfigcapskip=\skip84
\subfigcaptopadj=\dimen171
\subfigbottomskip=\skip85
\subfigcapmargin=\dimen172
\subfiglabelskip=\skip86
\c@subfigure=\count138
\c@lofdepth=\count139
\c@subtable=\count140
\c@lotdepth=\count141

****************************************
* Local config file subfigure.cfg used *
****************************************

("C:\Users\asifm\AppData\Local\Programs\MiKTeX 2.9\tex/latex/subfigure\subfigur
e.cfg")
\subfig@top=\skip87
\subfig@bottom=\skip88
)
("C:\Users\asifm\AppData\Local\Programs\MiKTeX 2.9\tex/latex/siunitx\siunitx.st
y"
("C:\Users\asifm\AppData\Local\Programs\MiKTeX 2.9\tex/latex/l3kernel\expl3.sty
"
Package: expl3 2019-09-08 L3 programming layer (loader) 

("C:\Users\asifm\AppData\Local\Programs\MiKTeX 2.9\tex/latex/l3kernel\expl3-cod
e.tex"
Package: expl3 2019-09-08 L3 programming layer (code)
\c_max_int=\count142
\l_tmpa_int=\count143
\l_tmpb_int=\count144
\g_tmpa_int=\count145
\g_tmpb_int=\count146
\g__kernel_prg_map_int=\count147
\c__ior_term_noprompt_ior=\count148
\c_log_iow=\count149
\l_iow_line_count_int=\count150
\l__iow_line_target_int=\count151
\l__iow_one_indent_int=\count152
\l__iow_indent_int=\count153
\c_zero_dim=\dimen173
\c_max_dim=\dimen174
\l_tmpa_dim=\dimen175
\l_tmpb_dim=\dimen176
\g_tmpa_dim=\dimen177
\g_tmpb_dim=\dimen178
\c_zero_skip=\skip89
\c_max_skip=\skip90
\l_tmpa_skip=\skip91
\l_tmpb_skip=\skip92
\g_tmpa_skip=\skip93
\g_tmpb_skip=\skip94
\c_zero_muskip=\muskip11
\c_max_muskip=\muskip12
\l_tmpa_muskip=\muskip13
\l_tmpb_muskip=\muskip14
\g_tmpa_muskip=\muskip15
\g_tmpb_muskip=\muskip16
\l_keys_choice_int=\count154
\l__intarray_loop_int=\count155
\c__intarray_sp_dim=\dimen179
\g__intarray_font_int=\count156
\c__fp_leading_shift_int=\count157
\c__fp_middle_shift_int=\count158
\c__fp_trailing_shift_int=\count159
\c__fp_big_leading_shift_int=\count160
\c__fp_big_middle_shift_int=\count161
\c__fp_big_trailing_shift_int=\count162
\c__fp_Bigg_leading_shift_int=\count163
\c__fp_Bigg_middle_shift_int=\count164
\c__fp_Bigg_trailing_shift_int=\count165
\c__kernel_randint_max_int=\count166
\g__fp_array_int=\count167
\l__fp_array_loop_int=\count168
\l__sort_length_int=\count169
\l__sort_min_int=\count170
\l__sort_top_int=\count171
\l__sort_max_int=\count172
\l__sort_true_max_int=\count173
\l__sort_block_int=\count174
\l__sort_begin_int=\count175
\l__sort_end_int=\count176
\l__sort_A_int=\count177
\l__sort_B_int=\count178
\l__sort_C_int=\count179
\l__str_internal_int=\count180
\c__str_replacement_char_int=\count181
\l__tl_analysis_normal_int=\count182
\l__tl_analysis_index_int=\count183
\l__tl_analysis_nesting_int=\count184
\l__tl_analysis_type_int=\count185
\l__regex_internal_a_int=\count186
\l__regex_internal_b_int=\count187
\l__regex_internal_c_int=\count188
\l__regex_balance_int=\count189
\l__regex_group_level_int=\count190
\l__regex_mode_int=\count191
\c__regex_cs_in_class_mode_int=\count192
\c__regex_cs_mode_int=\count193
\l__regex_catcodes_int=\count194
\l__regex_default_catcodes_int=\count195
\c__regex_catcode_D_int=\count196
\c__regex_catcode_S_int=\count197
\c__regex_catcode_L_int=\count198
\c__regex_catcode_O_int=\count199
\c__regex_catcode_A_int=\count266
\c__regex_all_catcodes_int=\count267
\l__regex_show_lines_int=\count268
\l__regex_min_state_int=\count269
\l__regex_max_state_int=\count270
\l__regex_left_state_int=\count271
\l__regex_right_state_int=\count272
\l__regex_capturing_group_int=\count273
\l__regex_min_pos_int=\count274
\l__regex_max_pos_int=\count275
\l__regex_curr_pos_int=\count276
\l__regex_start_pos_int=\count277
\l__regex_success_pos_int=\count278
\l__regex_curr_char_int=\count279
\l__regex_curr_catcode_int=\count280
\l__regex_last_char_int=\count281
\l__regex_case_changed_char_int=\count282
\l__regex_curr_state_int=\count283
\l__regex_step_int=\count284
\l__regex_min_active_int=\count285
\l__regex_max_active_int=\count286
\l__regex_replacement_csnames_int=\count287
\l__regex_match_count_int=\count288
\l__regex_min_submatch_int=\count289
\l__regex_submatch_int=\count290
\l__regex_zeroth_submatch_int=\count291
\g__regex_trace_regex_int=\count292
\c_empty_box=\box47
\l_tmpa_box=\box48
\l_tmpb_box=\box49
\g_tmpa_box=\box50
\g_tmpb_box=\box51
\l__box_top_dim=\dimen180
\l__box_bottom_dim=\dimen181
\l__box_left_dim=\dimen182
\l__box_right_dim=\dimen183
\l__box_top_new_dim=\dimen184
\l__box_bottom_new_dim=\dimen185
\l__box_left_new_dim=\dimen186
\l__box_right_new_dim=\dimen187
\l__box_internal_box=\box52
\l__coffin_internal_box=\box53
\l__coffin_internal_dim=\dimen188
\l__coffin_offset_x_dim=\dimen189
\l__coffin_offset_y_dim=\dimen190
\l__coffin_x_dim=\dimen191
\l__coffin_y_dim=\dimen192
\l__coffin_x_prime_dim=\dimen193
\l__coffin_y_prime_dim=\dimen194
\c_empty_coffin=\box54
\l__coffin_aligned_coffin=\box55
\l__coffin_aligned_internal_coffin=\box56
\l_tmpa_coffin=\box57
\l_tmpb_coffin=\box58
\g_tmpa_coffin=\box59
\g_tmpb_coffin=\box60
\l__coffin_bounding_shift_dim=\dimen195
\l__coffin_left_corner_dim=\dimen196
\l__coffin_right_corner_dim=\dimen197
\l__coffin_bottom_corner_dim=\dimen198
\l__coffin_top_corner_dim=\dimen199
\l__coffin_scaled_total_height_dim=\dimen256
\l__coffin_scaled_width_dim=\dimen257
\c__coffin_empty_coffin=\box61
\l__coffin_display_coffin=\box62
\l__coffin_display_coord_coffin=\box63
\l__coffin_display_pole_coffin=\box64
\l__coffin_display_offset_dim=\dimen258
\l__coffin_display_x_dim=\dimen259
\l__coffin_display_y_dim=\dimen260
\g__char_data_ior=\read2
\l__seq_internal_a_int=\count293
\l__seq_internal_b_int=\count294
)
("C:\Users\asifm\AppData\Local\Programs\MiKTeX 2.9\tex/latex/l3backend\l3backen
d-pdfmode.def"
File: l3backend-pdfmode.def 2019-04-06 v L3 backend support: PDF mode
\l__kernel_color_stack_int=\count295
\l__pdf_internal_box=\box65
))
("C:\Users\asifm\AppData\Local\Programs\MiKTeX 2.9\tex/latex/l3packages/xparse\
xparse.sty"
Package: xparse 2019-05-28 L3 Experimental document command parser
\l__xparse_current_arg_int=\count296
\g__xparse_grabber_int=\count297
\l__xparse_m_args_int=\count298
\l__xparse_v_nesting_int=\count299
)
Package: siunitx 2018/05/17 v2.7s A comprehensive (SI) units package

("C:\Users\asifm\AppData\Local\Programs\MiKTeX 2.9\tex/latex/l3packages/l3keys2
e\l3keys2e.sty"
Package: l3keys2e 2019-05-28 LaTeX2e option processing using LaTeX3 keys
)
\l__siunitx_tmp_box=\box66
\l__siunitx_tmp_dim=\dimen261
\l__siunitx_tmp_int=\count300
\l__siunitx_number_mantissa_length_int=\count301
\l__siunitx_number_uncert_length_int=\count302
\l__siunitx_round_int=\count303
\l__siunitx_process_decimal_int=\count304
\l__siunitx_process_uncertainty_int=\count305
\l__siunitx_process_fixed_int=\count306
\l__siunitx_process_integer_min_int=\count307
\l__siunitx_process_precision_int=\count308
\l__siunitx_group_min_int=\count309
\l__siunitx_angle_marker_box=\box67
\l__siunitx_angle_unit_box=\box68
\l__siunitx_angle_marker_dim=\dimen262
\l__siunitx_angle_unit_dim=\dimen263
\l__siunitx_unit_int=\count310
\l__siunitx_unit_denominator_int=\count311
\l__siunitx_unit_numerator_int=\count312
\l__siunitx_unit_prefix_int=\count313
\l__siunitx_unit_prefix_base_int=\count314
\l__siunitx_unit_prefix_gram_int=\count315
\l__siunitx_number_product_int=\count316
\c__siunitx_one_fill_skip=\skip95
\l__siunitx_table_unit_align_skip=\skip96
\l__siunitx_table_exponent_dim=\dimen264
\l__siunitx_table_integer_dim=\dimen265
\l__siunitx_table_mantissa_dim=\dimen266
\l__siunitx_table_marker_dim=\dimen267
\l__siunitx_table_result_dim=\dimen268
\l__siunitx_table_uncert_dim=\dimen269
\l__siunitx_table_fill_pre_dim=\dimen270
\l__siunitx_table_fill_post_dim=\dimen271
\l__siunitx_table_fill_mid_dim=\dimen272
\l__siunitx_table_pre_box=\box69
\l__siunitx_table_post_box=\box70
\l__siunitx_table_mantissa_box=\box71
\l__siunitx_table_result_box=\box72
\l__siunitx_table_number_align_skip=\skip97
\l__siunitx_table_text_align_skip=\skip98

("C:\Users\asifm\AppData\Local\Programs\MiKTeX 2.9\tex/latex/translator\transla
tor.sty"
Package: translator 2019-05-31 v1.12a Easy translation of strings in LaTeX
))
("C:\Users\asifm\AppData\Local\Programs\MiKTeX 2.9\tex/latex/colortbl\colortbl.
sty"
Package: colortbl 2018/12/12 v1.0d Color table columns (DPC)
\everycr=\toks46
\minrowclearance=\skip99
)
("C:\Users\asifm\AppData\Local\Programs\MiKTeX 2.9\tex/latex/shipunov\boldline.
sty"
Package: boldline 2008/02/04 v0.2 Adjust line width in tables
)
("C:\Users\asifm\AppData\Local\Programs\MiKTeX 2.9\tex/latex/caption\caption.st
y"
Package: caption 2019/09/01 v3.3d Customizing captions (AR)

("C:\Users\asifm\AppData\Local\Programs\MiKTeX 2.9\tex/latex/caption\caption3.s
ty"
Package: caption3 2019/09/01 v1.8d caption3 kernel (AR)
Package caption3 Info: TeX engine: e-TeX on input line 64.
\captionmargin=\dimen273
\captionmargin@=\dimen274
\captionwidth=\dimen275
\caption@tempdima=\dimen276
\caption@indent=\dimen277
\caption@parindent=\dimen278
\caption@hangindent=\dimen279
Package caption Info: Unknown document class (or package),
(caption)             standard defaults will be used.
)

Package caption Warning: Unsupported document class (or package) detected,
(caption)                usage of the caption package is not recommended.
See the caption package documentation for explanation.

Package caption Info: \@makecaption = \long macro:#1#2->\vskip \abovecaptionski
p \setlength {\as@captionwidth }{\linewidth }\as@makecaption {#1}{#2}\vskip \be
lowcaptionskip .
\c@caption@flags=\count317
\c@ContinuedFloat=\count318
Package caption Info: float package is loaded.
Package caption Info: rotating package is loaded.
Package caption Info: subfigure package is loaded.
Package caption Info: supertabular package is loaded.
Package caption Info: threeparttable package is loaded.
) ("C:\Users\asifm\AppData\Local\Programs\MiKTeX 2.9\tex/latex/psnfss\times.sty
"
Package: times 2005/04/12 PSNFSS-v9.2a (SPQR) 
)
("C:\Users\asifm\AppData\Local\Programs\MiKTeX 2.9\tex/latex/tocbibind\tocbibin
d.sty"
Package: tocbibind 2010/10/13 v1.5k extra ToC listings
Package tocbibind Info: The document has chapter divisions on input line 50.


Package tocbibind Note: Using chapter style headings, unless overridden.

)
("C:\Users\asifm\AppData\Local\Programs\MiKTeX 2.9\tex/latex/makecell\makecell.
sty"
Package: makecell 2009/08/03 V0.1e Managing of Tab Column Heads and Cells
\rotheadsize=\dimen280
\c@nlinenum=\count319
\TeXr@lab=\toks47
)
("C:\Users\asifm\AppData\Local\Programs\MiKTeX 2.9\tex/latex/titlesec\titlesec.
sty"
Package: titlesec 2019/09/09 v2.12 Sectioning titles
\ttl@box=\box73
\beforetitleunit=\skip100
\aftertitleunit=\skip101
\ttl@plus=\dimen281
\ttl@minus=\dimen282
\ttl@toksa=\toks48
\titlewidth=\dimen283
\titlewidthlast=\dimen284
\titlewidthfirst=\dimen285
)
("C:\Users\asifm\AppData\Local\Programs\MiKTeX 2.9\tex/latex/geometry\geometry.
sty"
Package: geometry 2018/04/16 v5.8 Page Geometry

("C:\Users\asifm\AppData\Local\Programs\MiKTeX 2.9\tex/generic/oberdiek\ifpdf.s
ty"
Package: ifpdf 2018/09/07 v3.3 Provides the ifpdf switch
)
("C:\Users\asifm\AppData\Local\Programs\MiKTeX 2.9\tex/generic/oberdiek\ifvtex.
sty"
Package: ifvtex 2016/05/16 v1.6 Detect VTeX and its facilities (HO)
Package ifvtex Info: VTeX not detected.
)
("C:\Users\asifm\AppData\Local\Programs\MiKTeX 2.9\tex/generic/ifxetex\ifxetex.
sty"
Package: ifxetex 2010/09/12 v0.6 Provides ifxetex conditional
)
\Gm@cnth=\count320
\Gm@cntv=\count321
\c@Gm@tempcnt=\count322
\Gm@bindingoffset=\dimen286
\Gm@wd@mp=\dimen287
\Gm@odd@mp=\dimen288
\Gm@even@mp=\dimen289
\Gm@layoutwidth=\dimen290
\Gm@layoutheight=\dimen291
\Gm@layouthoffset=\dimen292
\Gm@layoutvoffset=\dimen293
\Gm@dimlist=\toks49

("C:\Users\asifm\AppData\Local\Programs\MiKTeX 2.9\tex/latex/geometry\geometry.
cfg"))
\eqntop=\skip102
\eqnbot=\skip103
\c@theorem=\count323
\c@lemma=\count324
 (Book.aux (declaration.aux) (ack.aux) (abs.aux) (introduction.aux)
(literature.aux) (technical.aux) (methodology.aux) (modeling.aux) (setup.aux)
(testing.aux) (conclusion.aux))
\openout1 = `Book.aux'.

LaTeX Font Info:    Checking defaults for OML/cmm/m/it on input line 115.
LaTeX Font Info:    ... okay on input line 115.
LaTeX Font Info:    Checking defaults for T1/cmr/m/n on input line 115.
LaTeX Font Info:    ... okay on input line 115.
LaTeX Font Info:    Checking defaults for OT1/cmr/m/n on input line 115.
LaTeX Font Info:    ... okay on input line 115.
LaTeX Font Info:    Checking defaults for OMS/cmsy/m/n on input line 115.
LaTeX Font Info:    ... okay on input line 115.
LaTeX Font Info:    Checking defaults for OMX/cmex/m/n on input line 115.
LaTeX Font Info:    ... okay on input line 115.
LaTeX Font Info:    Checking defaults for U/cmr/m/n on input line 115.
LaTeX Font Info:    ... okay on input line 115.
LaTeX Font Info:    Try loading font information for OT1+ptm on input line 115.


("C:\Users\asifm\AppData\Local\Programs\MiKTeX 2.9\tex/latex/psnfss\ot1ptm.fd"
File: ot1ptm.fd 2001/06/04 font definitions for OT1/ptm.
)
("C:\Users\asifm\AppData\Local\Programs\MiKTeX 2.9\tex/context/base/mkii\supp-p
df.mkii"
[Loading MPS to PDF converter (version 2006.09.02).]
\scratchcounter=\count325
\scratchdimen=\dimen294
\scratchbox=\box74
\nofMPsegments=\count326
\nofMParguments=\count327
\everyMPshowfont=\toks50
\MPscratchCnt=\count328
\MPscratchDim=\dimen295
\MPnumerator=\count329
\makeMPintoPDFobject=\count330
\everyMPtoPDFconversion=\toks51
)
("C:\Users\asifm\AppData\Local\Programs\MiKTeX 2.9\tex/latex/oberdiek\epstopdf-
base.sty"
Package: epstopdf-base 2016/05/15 v2.6 Base part for package epstopdf

("C:\Users\asifm\AppData\Local\Programs\MiKTeX 2.9\tex/generic/oberdiek\infware
rr.sty"
Package: infwarerr 2016/05/16 v1.4 Providing info/warning/error messages (HO)
)
("C:\Users\asifm\AppData\Local\Programs\MiKTeX 2.9\tex/latex/oberdiek\grfext.st
y"
Package: grfext 2016/05/16 v1.2 Manage graphics extensions (HO)

("C:\Users\asifm\AppData\Local\Programs\MiKTeX 2.9\tex/generic/oberdiek\kvdefin
ekeys.sty"
Package: kvdefinekeys 2016/05/16 v1.4 Define keys (HO)

("C:\Users\asifm\AppData\Local\Programs\MiKTeX 2.9\tex/generic/oberdiek\ltxcmds
.sty"
Package: ltxcmds 2016/05/16 v1.23 LaTeX kernel commands for general use (HO)
)))
("C:\Users\asifm\AppData\Local\Programs\MiKTeX 2.9\tex/latex/oberdiek\kvoptions
.sty"
Package: kvoptions 2016/05/16 v3.12 Key value format for package options (HO)

("C:\Users\asifm\AppData\Local\Programs\MiKTeX 2.9\tex/generic/oberdiek\kvsetke
ys.sty"
Package: kvsetkeys 2016/05/16 v1.17 Key value parser (HO)

("C:\Users\asifm\AppData\Local\Programs\MiKTeX 2.9\tex/generic/oberdiek\etexcmd
s.sty"
Package: etexcmds 2016/05/16 v1.6 Avoid name clashes with e-TeX commands (HO)

("C:\Users\asifm\AppData\Local\Programs\MiKTeX 2.9\tex/generic/oberdiek\ifluate
x.sty"
Package: ifluatex 2016/05/16 v1.4 Provides the ifluatex switch (HO)
Package ifluatex Info: LuaTeX not detected.
))))
("C:\Users\asifm\AppData\Local\Programs\MiKTeX 2.9\tex/generic/oberdiek\pdftexc
mds.sty"
Package: pdftexcmds 2019/07/25 v0.30 Utility functions of pdfTeX for LuaTeX (HO
)
Package pdftexcmds Info: LuaTeX not detected.
Package pdftexcmds Info: \pdf@primitive is available.
Package pdftexcmds Info: \pdf@ifprimitive is available.
Package pdftexcmds Info: \pdfdraftmode found.
)
Package epstopdf-base Info: Redefining graphics rule for `.eps' on input line 4
38.
Package grfext Info: Graphics extension search list:
(grfext)             [.pdf,.png,.jpg,.mps,.jpeg,.jbig2,.jb2,.PDF,.PNG,.JPG,.JPE
G,.JBIG2,.JB2,.eps]
(grfext)             \AppendGraphicsExtensions on input line 456.
) ABD: EverySelectfont initializing macros
LaTeX Info: Redefining \selectfont on input line 115.
Now handling font encoding TS1 ...
... processing UTF-8 mapping file for font encoding TS1

("C:\Users\asifm\AppData\Local\Programs\MiKTeX 2.9\tex/latex/base\ts1enc.dfu"
File: ts1enc.dfu 2018/10/05 v1.2f UTF-8 support for inputenc
   defining Unicode char U+00A2 (decimal 162)
   defining Unicode char U+00A3 (decimal 163)
   defining Unicode char U+00A4 (decimal 164)
   defining Unicode char U+00A5 (decimal 165)
   defining Unicode char U+00A6 (decimal 166)
   defining Unicode char U+00A7 (decimal 167)
   defining Unicode char U+00A8 (decimal 168)
   defining Unicode char U+00A9 (decimal 169)
   defining Unicode char U+00AA (decimal 170)
   defining Unicode char U+00AC (decimal 172)
   defining Unicode char U+00AE (decimal 174)
   defining Unicode char U+00AF (decimal 175)
   defining Unicode char U+00B0 (decimal 176)
   defining Unicode char U+00B1 (decimal 177)
   defining Unicode char U+00B2 (decimal 178)
   defining Unicode char U+00B3 (decimal 179)
   defining Unicode char U+00B4 (decimal 180)
   defining Unicode char U+00B5 (decimal 181)
   defining Unicode char U+00B6 (decimal 182)
   defining Unicode char U+00B7 (decimal 183)
   defining Unicode char U+00B9 (decimal 185)
   defining Unicode char U+00BA (decimal 186)
   defining Unicode char U+00BC (decimal 188)
   defining Unicode char U+00BD (decimal 189)
   defining Unicode char U+00BE (decimal 190)
   defining Unicode char U+00D7 (decimal 215)
   defining Unicode char U+00F7 (decimal 247)
   defining Unicode char U+0192 (decimal 402)
   defining Unicode char U+02C7 (decimal 711)
   defining Unicode char U+02D8 (decimal 728)
   defining Unicode char U+02DD (decimal 733)
   defining Unicode char U+0E3F (decimal 3647)
   defining Unicode char U+2016 (decimal 8214)
   defining Unicode char U+2020 (decimal 8224)
   defining Unicode char U+2021 (decimal 8225)
   defining Unicode char U+2022 (decimal 8226)
   defining Unicode char U+2030 (decimal 8240)
   defining Unicode char U+2031 (decimal 8241)
   defining Unicode char U+203B (decimal 8251)
   defining Unicode char U+203D (decimal 8253)
   defining Unicode char U+2044 (decimal 8260)
   defining Unicode char U+204E (decimal 8270)
   defining Unicode char U+2052 (decimal 8274)
   defining Unicode char U+20A1 (decimal 8353)
   defining Unicode char U+20A4 (decimal 8356)
   defining Unicode char U+20A6 (decimal 8358)
   defining Unicode char U+20A9 (decimal 8361)
   defining Unicode char U+20AB (decimal 8363)
   defining Unicode char U+20AC (decimal 8364)
   defining Unicode char U+20B1 (decimal 8369)
   defining Unicode char U+2103 (decimal 8451)
   defining Unicode char U+2116 (decimal 8470)
   defining Unicode char U+2117 (decimal 8471)
   defining Unicode char U+211E (decimal 8478)
   defining Unicode char U+2120 (decimal 8480)
   defining Unicode char U+2122 (decimal 8482)
   defining Unicode char U+2126 (decimal 8486)
   defining Unicode char U+2127 (decimal 8487)
   defining Unicode char U+212E (decimal 8494)
   defining Unicode char U+2190 (decimal 8592)
   defining Unicode char U+2191 (decimal 8593)
   defining Unicode char U+2192 (decimal 8594)
   defining Unicode char U+2193 (decimal 8595)
   defining Unicode char U+2329 (decimal 9001)
   defining Unicode char U+232A (decimal 9002)
   defining Unicode char U+2422 (decimal 9250)
   defining Unicode char U+25E6 (decimal 9702)
   defining Unicode char U+25EF (decimal 9711)
   defining Unicode char U+266A (decimal 9834)
   defining Unicode char U+FEFF (decimal 65279)
)
("C:\Users\asifm\AppData\Local\Programs\MiKTeX 2.9\tex/latex/translator\transla
tor-basic-dictionary-English.dict"
Dictionary: translator-basic-dictionary, Language: English 
)
("C:\Users\asifm\AppData\Local\Programs\MiKTeX 2.9\tex/latex/siunitx\siunitx-ab
breviations.cfg"
File: siunitx-abbreviations.cfg 2017/11/26 v2.7k siunitx: Abbreviated units
)
Package caption Info: Begin \AtBeginDocument code.
Package caption Info: End \AtBeginDocument code.

*geometry* driver: auto-detecting
*geometry* detected driver: pdftex
*geometry* verbose mode - [ preamble ] result:
* driver: pdftex
* paper: a4paper
* layout: <same size as paper>
* layoutoffset:(h,v)=(0.0pt,0.0pt)
* modes: 
* h-part:(L,W,R)=(56.9055pt, 483.69687pt, 56.9055pt)
* v-part:(T,H,B)=(56.9055pt, 674.33032pt, 113.81102pt)
* \paperwidth=597.50787pt
* \paperheight=845.04684pt
* \textwidth=483.69687pt
* \textheight=674.33032pt
* \oddsidemargin=-15.36449pt
* \evensidemargin=-15.36449pt
* \topmargin=-52.36449pt
* \headheight=12.0pt
* \headsep=25.0pt
* \topskip=12.0pt
* \footskip=30.0pt
* \marginparwidth=35.0pt
* \marginparsep=10.0pt
* \columnsep=10.0pt
* \skip\footins=10.8pt plus 4.0pt minus 2.0pt
* \hoffset=0.0pt
* \voffset=0.0pt
* \mag=1000
* \@twocolumnfalse
* \@twosidefalse
* \@mparswitchfalse
* \@reversemarginfalse
* (1in=72.27pt=25.4mm, 1cm=28.453pt)

LaTeX Font Info:    Try loading font information for U+msa on input line 115.
("C:\Users\asifm\AppData\Local\Programs\MiKTeX 2.9\tex/latex/amsfonts\umsa.fd"
File: umsa.fd 2013/01/14 v3.01 AMS symbols A
)
LaTeX Font Info:    Try loading font information for U+msb on input line 115.
("C:\Users\asifm\AppData\Local\Programs\MiKTeX 2.9\tex/latex/amsfonts\umsb.fd"
File: umsb.fd 2013/01/14 v3.01 AMS symbols B
)
LaTeX Font Info:    Try loading font information for U+rsfs on input line 115.
("C:\Users\asifm\AppData\Local\Programs\MiKTeX 2.9\tex/latex/jknappen\ursfs.fd"
File: ursfs.fd 1998/03/24 rsfs font definition file (jk)
)
LaTeX Font Info:    Font shape `OT1/ptm/bx/n' in size <10.95> not available
(Font)              Font shape `OT1/ptm/b/n' tried instead on input line 122.
<ruet.png, id=1, 1204.5pt x 1406.25375pt>
File: ruet.png Graphic file (type png)
<use ruet.png>
Package pdftex.def Info: ruet.png  used on input line 127.
(pdftex.def)             Requested size: 142.26378pt x 166.08241pt.
LaTeX Font Info:    Font shape `OT1/ptm/bx/n' in size <12> not available
(Font)              Font shape `OT1/ptm/b/n' tried instead on input line 138.

Underfull \hbox (badness 10000) in paragraph at lines 136--139

 []


Overfull \hbox (117.6718pt too wide) in paragraph at lines 140--148
[]  [] 
 []

[0
Non-PDF special ignored!
<special> header=pstricks.pro
Non-PDF special ignored!
<special> header=pst-algparser.pro
Non-PDF special ignored!
<special> header=pst-tools.pro
Non-PDF special ignored!
<special> header=pst-dots.pro

Non-PDF special ignored!
<special> ps: /pssetRGBcolor /setrgbcolor load def /pssetCMYKcolor /setcmyk...
Non-PDF special ignored!
<special> ps:tx@Dict begin  gsave STV CP T /ps@rot 0 def grestore  end
Non-PDF special ignored!
<special> ps:tx@Dict begin  gsave STV CP T /ps@refangle 0.  def grestore  e...
{C:/Users/asifm/AppData/Local/MiKTeX/2.9/pdftex/config/pdftex.map} <./ruet.png>
]
\openout2 = `declaration.aux'.

 (declaration.tex
LaTeX Font Info:    Font shape `OT1/ptm/bx/n' in size <17.28> not available
(Font)              Font shape `OT1/ptm/b/n' tried instead on input line 2.
LaTeX Font Info:    Font shape `OT1/ptm/bx/n' in size <24.88> not available
(Font)              Font shape `OT1/ptm/b/n' tried instead on input line 2.

Underfull \hbox (badness 10000) in paragraph at lines 3--6

 []


Underfull \hbox (badness 10000) in paragraph at lines 3--6

 []

)
Overfull \hbox (257.63565pt too wide) in paragraph at lines 9--150
[]  [] 
 []

[1



]
\openout2 = `ack.aux'.

 (ack.tex
Underfull \hbox (badness 10000) in paragraph at lines 3--11

 []


Underfull \hbox (badness 10000) in paragraph at lines 3--11

 []


Underfull \hbox (badness 10000) in paragraph at lines 3--11

 []


Underfull \hbox (badness 10000) in paragraph at lines 3--11

 []


Underfull \hbox (badness 10000) in paragraph at lines 3--11

 []


Underfull \hbox (badness 10000) in paragraph at lines 3--11

 []


Underfull \hbox (badness 10000) in paragraph at lines 3--11

 []


Overfull \hbox (204.42133pt too wide) in paragraph at lines 13--19
[]  [] 
 []

) [2



]
\openout2 = `abs.aux'.

 (abs.tex) [3



] (Book.toc [4



] [5])
\tf@toc=\write5
\openout5 = `Book.toc'.

 [6] (Book.lof [7

])
\tf@lof=\write6
\openout6 = `Book.lof'.

 [8] (Book.lot)
\tf@lot=\write7
\openout7 = `Book.lot'.


[9

]
\openout2 = `introduction.aux'.

 (introduction.tex
Chapter 1.

Underfull \hbox (badness 10000) in paragraph at lines 3--5

 []


Underfull \hbox (badness 10000) in paragraph at lines 7--9

 []

[1



] [2]
Underfull \hbox (badness 10000) in paragraph at lines 41--42

 []


Underfull \hbox (badness 10000) in paragraph at lines 45--46

 []

[3]
Underfull \hbox (badness 10000) in paragraph at lines 77--88

 []

[4]
Underfull \hbox (badness 10000) in paragraph at lines 92--97

 []

[5]
Underfull \hbox (badness 10000) in paragraph at lines 100--102

 []

LaTeX Font Info:    Font shape `OT1/ptm/bx/n' in size <14.4> not available
(Font)              Font shape `OT1/ptm/b/n' tried instead on input line 103.
[6]
Underfull \hbox (badness 10000) in paragraph at lines 107--109

 []

[7]
Underfull \hbox (badness 10000) in paragraph at lines 121--124

 []

[8]) [9]
\openout2 = `literature.aux'.

 (literature.tex
Chapter 2.

LaTeX Warning: Citation `' on page 10 undefined on input line 11.

)
Underfull \hbox (badness 10000) in paragraph at lines 2--196

 []


Underfull \hbox (badness 10000) in paragraph at lines 2--196

 []


Underfull \hbox (badness 10000) in paragraph at lines 2--196

 []


Underfull \hbox (badness 10000) in paragraph at lines 2--196

 []


Underfull \hbox (badness 10000) in paragraph at lines 2--196

 []


Underfull \hbox (badness 10000) in paragraph at lines 2--196

 []


Underfull \hbox (badness 10000) in paragraph at lines 2--196

 []


Underfull \hbox (badness 10000) in paragraph at lines 2--196

 []


Underfull \hbox (badness 10000) in paragraph at lines 2--196

 []

[10



] [11]
\openout2 = `technical.aux'.

 (technical.tex
Chapter 3.
[12



]
<1.jpg, id=79, 201.699pt x 166.5495pt>
File: 1.jpg Graphic file (type jpg)
<use 1.jpg>
Package pdftex.def Info: 1.jpg  used on input line 38.
(pdftex.def)             Requested size: 216.81pt x 179.03467pt.
 [13 <./1.jpg>] [14]
<2.png, id=86, 687.31781pt x 521.69907pt>
File: 2.png Graphic file (type png)
<use 2.png>
Package pdftex.def Info: 2.png  used on input line 73.
(pdftex.def)             Requested size: 433.62pt x 329.13385pt.

Underfull \hbox (badness 10000) in paragraph at lines 82--83

 []

[15 <./2.png>]
<3.jpg, id=92, 169.38281pt x 168.63pt>
File: 3.jpg Graphic file (type jpg)
<use 3.jpg>
Package pdftex.def Info: 3.jpg  used on input line 86.
(pdftex.def)             Requested size: 260.17244pt x 259.02713pt.
<4.png, id=93, 158.09062pt x 127.97812pt>
File: 4.png Graphic file (type png)
<use 4.png>
Package pdftex.def Info: 4.png  used on input line 105.
(pdftex.def)             Requested size: 252.94499pt x 204.77892pt.


LaTeX Warning: `h' float specifier changed to `ht'.

[16 <./3.jpg>]
<5.png, id=97, 510.40688pt x 312.41719pt>
File: 5.png Graphic file (type png)
<use 5.png>
Package pdftex.def Info: 5.png  used on input line 113.
(pdftex.def)             Requested size: 361.34999pt x 221.19325pt.

Overfull \hbox (1.20868pt too wide) in paragraph at lines 123--123
[]|\OT1/ptm/m/n/12 Symbol| 
 []

<6.jpg, id=98, 388.45125pt x 344.03531pt>
File: 6.jpg Graphic file (type jpg)
<use 6.jpg>
Package pdftex.def Info: 6.jpg  used on input line 135.
(pdftex.def)             Requested size: 289.07999pt x 256.03102pt.

LaTeX Warning: `h' float specifier changed to `ht'.

[17 <./4.png> <./5.png>]
<7.png, id=103, 437.38406pt x 228.855pt>
File: 7.png Graphic file (type png)
<use 7.png>
Package pdftex.def Info: 7.png  used on input line 142.
(pdftex.def)             Requested size: 289.07999pt x 151.25777pt.


LaTeX Warning: `h' float specifier changed to `ht'.

[18 <./6.jpg>]
<43.jpg, id=108, 451.6875pt x 451.6875pt>
File: 43.jpg Graphic file (type jpg)
<use 43.jpg>
Package pdftex.def Info: 43.jpg  used on input line 159.
(pdftex.def)             Requested size: 289.07999pt x 289.09279pt.


LaTeX Warning: `h' float specifier changed to `ht'.

[19 <./7.png>] [20 <./43.jpg>]
<8.jpg, id=115, 148.1535pt x 148.1535pt>
File: 8.jpg Graphic file (type jpg)
<use 8.jpg>
Package pdftex.def Info: 8.jpg  used on input line 195.
(pdftex.def)             Requested size: 216.81pt x 216.82678pt.
 [21 <./8.jpg>]
<9.jpg, id=121, 344.78813pt x 344.78813pt>
File: 9.jpg Graphic file (type jpg)
<use 9.jpg>
Package pdftex.def Info: 9.jpg  used on input line 217.
(pdftex.def)             Requested size: 216.81pt x 216.81256pt.
 [22 <./9.jpg>]
<10.png, id=125, 267.24844pt x 226.59656pt>
File: 10.png Graphic file (type png)
<use 10.png>
Package pdftex.def Info: 10.png  used on input line 235.
(pdftex.def)             Requested size: 289.07999pt x 245.13208pt.
LaTeX Font Info:    Try loading font information for OMS+ptm on input line 242.


("C:\Users\asifm\AppData\Local\Programs\MiKTeX 2.9\tex/latex/psnfss\omsptm.fd"
File: omsptm.fd 
)
LaTeX Font Info:    Font shape `OMS/ptm/m/n' in size <12> not available
(Font)              Font shape `OMS/cmsy/m/n' tried instead on input line 242.

Underfull \hbox (badness 10000) in paragraph at lines 248--258

 []

[23 <./10.png>]
<11.jpg, id=130, 979.40906pt x 552.56438pt>
File: 11.jpg Graphic file (type jpg)
<use 11.jpg>
Package pdftex.def Info: 11.jpg  used on input line 266.
(pdftex.def)             Requested size: 289.07262pt x 180.66895pt.
) [24 <./11.jpg>] [25]
\openout2 = `methodology.aux'.

 (methodology.tex
Chapter 4.
<12.jpg, id=137, 612.03656pt x 82.80937pt>
File: 12.jpg Graphic file (type jpg)
<use 12.jpg>
Package pdftex.def Info: 12.jpg  used on input line 8.
(pdftex.def)             Requested size: 433.62pt x 58.6687pt.
[26



 <./12.jpg>]
Underfull \hbox (badness 10000) in paragraph at lines 15--21

 []


Underfull \hbox (badness 10000) in paragraph at lines 15--21

 []


Underfull \hbox (badness 10000) in paragraph at lines 15--21

 []


Underfull \hbox (badness 10000) in paragraph at lines 15--21

 []


Underfull \hbox (badness 10000) in paragraph at lines 15--21

 []

[27]
<13.png, id=145, 340.1508pt x 264.0264pt>
File: 13.png Graphic file (type png)
<use 13.png>
Package pdftex.def Info: 13.png  used on input line 27.
(pdftex.def)             Requested size: 433.6476pt x 433.65872pt.
) [28 <./13.png>]
\openout2 = `modeling.aux'.

 (modeling.tex
Chapter 5.
<14.png, id=150, 158.09062pt x 127.97812pt>
File: 14.png Graphic file (type png)
<use 14.png>
Package pdftex.def Info: 14.png  used on input line 6.
(pdftex.def)             Requested size: 144.54pt x 117.0168pt.
[29



 <./14.png>] [30]
Underfull \hbox (badness 5064) in paragraph at lines 242--242
 []|\OT1/ptm/m/n/12 PPM| 
 []


Underfull \hbox (badness 5607) in paragraph at lines 248--248
 []|\OT1/ptm/m/n/12 325| 
 []


Underfull \hbox (badness 5607) in paragraph at lines 254--254
 []|\OT1/ptm/m/n/12 316| 
 []


Underfull \hbox (badness 5607) in paragraph at lines 260--260
 []|\OT1/ptm/m/n/12 313| 
 []


Underfull \hbox (badness 5607) in paragraph at lines 266--266
 []|\OT1/ptm/m/n/12 310| 
 []


Underfull \hbox (badness 5607) in paragraph at lines 272--272
 []|\OT1/ptm/m/n/12 313| 
 []


Underfull \hbox (badness 5607) in paragraph at lines 278--278
 []|\OT1/ptm/m/n/12 313| 
 []


Underfull \hbox (badness 5607) in paragraph at lines 284--284
 []|\OT1/ptm/m/n/12 310| 
 []


Underfull \hbox (badness 5607) in paragraph at lines 290--290
 []|\OT1/ptm/m/n/12 310| 
 []


Underfull \hbox (badness 5607) in paragraph at lines 296--296
 []|\OT1/ptm/m/n/12 310| 
 []


Underfull \hbox (badness 5607) in paragraph at lines 302--302
 []|\OT1/ptm/m/n/12 310| 
 []

[31] [32] [33]
Underfull \hbox (badness 10000) in paragraph at lines 574--576

 []

) [34]
\openout2 = `setup.aux'.

 (setup.tex
Chapter 6.

Underfull \hbox (badness 10000) in paragraph at lines 2--7

 []

[35



]
<35.png, id=176, 730.22812pt x 770.88pt>
File: 35.png Graphic file (type png)
<use 35.png>
Package pdftex.def Info: 35.png  used on input line 18.
(pdftex.def)             Requested size: 361.34999pt x 381.46327pt.

Underfull \hbox (badness 10000) in paragraph at lines 15--20

 []


Underfull \hbox (badness 10000) in paragraph at lines 15--20

 []


Underfull \hbox (badness 10000) in paragraph at lines 21--22

 []

<36.png, id=177, 439.6425pt x 280.79906pt>
File: 36.png Graphic file (type png)
<use 36.png>
Package pdftex.def Info: 36.png  used on input line 28.
(pdftex.def)             Requested size: 433.62pt x 276.95932pt.

Underfull \hbox (badness 10000) in paragraph at lines 24--30

 []

[36

 <./35.png>]
<39.jpg, id=182, 979.40906pt x 552.56438pt>
File: 39.jpg Graphic file (type jpg)
<use 39.jpg>
Package pdftex.def Info: 39.jpg  used on input line 40.
(pdftex.def)             Requested size: 433.62pt x 244.63829pt.


LaTeX Warning: `h' float specifier changed to `ht'.

[37 <./36.png>]
<38.jpg, id=187, 341.77687pt x 385.44pt>
File: 38.jpg Graphic file (type jpg)
<use 38.jpg>
Package pdftex.def Info: 38.jpg  used on input line 59.
(pdftex.def)             Requested size: 289.07999pt x 326.03171pt.
 [38 <./39.jpg>]
<40.jpg, id=191, 982.42032pt x 478.78876pt>
File: 40.jpg Graphic file (type jpg)
<use 40.jpg>
Package pdftex.def Info: 40.jpg  used on input line 70.
(pdftex.def)             Requested size: 433.62pt x 211.32521pt.
 [39 <./38.jpg>]
<37.jpg, id=196, 478.78876pt x 496.85625pt>
File: 37.jpg Graphic file (type jpg)
<use 37.jpg>
Package pdftex.def Info: 37.jpg  used on input line 78.
(pdftex.def)             Requested size: 289.07999pt x 299.98865pt.
 [40 <./40.jpg>]
<42.png, id=200, 439.6425pt x 168.63pt>
File: 42.png Graphic file (type png)
<use 42.png>
Package pdftex.def Info: 42.png  used on input line 86.
(pdftex.def)             Requested size: 433.62pt x 166.32408pt.

Underfull \hbox (badness 10000) in paragraph at lines 82--88

 []

[41 <./37.jpg>]
<44.png, id=204, 446.66875pt x 281.05pt>
File: 44.png Graphic file (type png)
<use 44.png>
Package pdftex.def Info: 44.png  used on input line 94.
(pdftex.def)             Requested size: 289.07999pt x 181.89554pt.
<47.png, id=205, 635.37375pt x 304.13625pt>
File: 47.png Graphic file (type png)
<use 47.png>
Package pdftex.def Info: 47.png  used on input line 100.
(pdftex.def)             Requested size: 289.07999pt x 138.37756pt.


LaTeX Warning: `h' float specifier changed to `ht'.

) [42 <./42.png> <./44.png>] [43 <./47.png>]
\openout2 = `testing.aux'.

 (testing.tex
Chapter 7.
<15.png, id=214, 585.68813pt x 270.25969pt>
File: 15.png Graphic file (type png)
<use 15.png>
Package pdftex.def Info: 15.png  used on input line 31.
(pdftex.def)             Requested size: 433.63478pt x 144.54419pt.
[44



]
<16.png, id=218, 726.46407pt x 293.59688pt>
File: 16.png Graphic file (type png)
<use 16.png>
Package pdftex.def Info: 16.png  used on input line 66.
(pdftex.def)             Requested size: 427.12471pt x 156.10286pt.
<17.png, id=219, 1445.4pt x 427.5975pt>
File: 17.png Graphic file (type png)
<use 17.png>
Package pdftex.def Info: 17.png  used on input line 89.
(pdftex.def)             Requested size: 398.93083pt x 197.2975pt.
 [45 <./15.png> <./16.png>]
<18.png, id=224, 704.6325pt x 341.77687pt>
File: 18.png Graphic file (type png)
<use 18.png>
Package pdftex.def Info: 18.png  used on input line 118.
(pdftex.def)             Requested size: 469.75745pt x 196.57753pt.
 [46 <./17.png>]
<19.png, id=228, 1445.4pt x 486.31688pt>
File: 19.png Graphic file (type png)
<use 19.png>
Package pdftex.def Info: 19.png  used on input line 148.
(pdftex.def)             Requested size: 469.74944pt x 172.00182pt.
<20.png, id=229, 1445.4pt x 465.23813pt>
File: 20.png Graphic file (type png)
<use 20.png>
Package pdftex.def Info: 20.png  used on input line 176.
(pdftex.def)             Requested size: 459.62619pt x 203.07265pt.
 [47 <./18.png> <./19.png>]
<21.png, id=233, 1445.4pt x 483.30562pt>
File: 21.png Graphic file (type png)
<use 21.png>
Package pdftex.def Info: 21.png  used on input line 197.
(pdftex.def)             Requested size: 451.6864pt x 250.77464pt.

[48 <./20.png> <./21.png>]

LaTeX Warning: Command \textbackslash invalid in math mode on input line 237.


LaTeX Warning: Command \textbackslash invalid in math mode on input line 237.


LaTeX Warning: Command \textbackslash invalid in math mode on input line 237.


LaTeX Warning: Command \textbackslash invalid in math mode on input line 237.


LaTeX Warning: Command \textbackslash invalid in math mode on input line 237.


LaTeX Warning: Command \textbackslash invalid in math mode on input line 237.


LaTeX Warning: Command \textbackslash invalid in math mode on input line 237.


LaTeX Warning: Command \textbackslash invalid in math mode on input line 237.


LaTeX Warning: Command \textbackslash invalid in math mode on input line 237.


LaTeX Warning: Command \textbackslash invalid in math mode on input line 237.


LaTeX Warning: Command \textbackslash invalid in math mode on input line 237.


LaTeX Warning: Command \textbackslash invalid in math mode on input line 237.


LaTeX Warning: Command \textbackslash invalid in math mode on input line 237.


LaTeX Warning: Command \textbackslash invalid in math mode on input line 237.


LaTeX Warning: Command \textbackslash invalid in math mode on input line 237.


LaTeX Warning: Command \textbackslash invalid in math mode on input line 237.


LaTeX Warning: Command \textbackslash invalid in math mode on input line 237.


LaTeX Warning: Command \textbackslash invalid in math mode on input line 237.


LaTeX Warning: Command \textbackslash invalid in math mode on input line 237.


LaTeX Warning: Command \textbackslash invalid in math mode on input line 237.

<22.png, id=239, 1445.4pt x 426.68208pt>
File: 22.png Graphic file (type png)
<use 22.png>
Package pdftex.def Info: 22.png  used on input line 278.
(pdftex.def)             Requested size: 465.4046pt x 174.8952pt.
[49]
<23.png, id=244, 1209.76968pt x 434.37282pt>
File: 23.png Graphic file (type png)
<use 23.png>
Package pdftex.def Info: 23.png  used on input line 301.
(pdftex.def)             Requested size: 469.75926pt x 192.96057pt.
<24.png, id=245, 1445.4pt x 427.5975pt>
File: 24.png Graphic file (type png)
<use 24.png>
Package pdftex.def Info: 24.png  used on input line 326.
(pdftex.def)             Requested size: 473.36646pt x 165.49657pt.
 [50 <./22.png> <./23.png>]
<25.png, id=250, 1445.4pt x 426.68208pt>
File: 25.png Graphic file (type png)
<use 25.png>
Package pdftex.def Info: 25.png  used on input line 346.
(pdftex.def)             Requested size: 466.86023pt x 158.27354pt.
<26.png, id=251, 1445.4pt x 661.72218pt>
File: 26.png Graphic file (type png)
<use 26.png>
Package pdftex.def Info: 26.png  used on input line 368.
(pdftex.def)             Requested size: 463.97102pt x 240.65318pt.
 [51 <./24.png> <./25.png>]
<27.png, id=257, 1445.4pt x 426.68208pt>
File: 27.png Graphic file (type png)
<use 27.png>
Package pdftex.def Info: 27.png  used on input line 391.
(pdftex.def)             Requested size: 469.74944pt x 160.44159pt.
<28.png, id=258, 1156.32pt x 381.8265pt>
File: 28.png Graphic file (type png)
<use 28.png>
Package pdftex.def Info: 28.png  used on input line 413.
(pdftex.def)             Requested size: 471.92406pt x 164.05402pt.
 [52 <./26.png> <./27.png>]
<29.png, id=263, 1445.4pt x 516.29688pt>
File: 29.png Graphic file (type png)
<use 29.png>
Package pdftex.def Info: 29.png  used on input line 436.
(pdftex.def)             Requested size: 470.47725pt x 176.34216pt.
 [53 <./28.png> <./29.png>] [54]
<31.png, id=272, 1445.4pt x 464.4853pt>
File: 31.png Graphic file (type png)
<use 31.png>
Package pdftex.def Info: 31.png  used on input line 599.
(pdftex.def)             Requested size: 477.71129pt x 173.45155pt.
 [55]
<32.png, id=276, 1445.4pt x 509.35896pt>
File: 32.png Graphic file (type png)
<use 32.png>
Package pdftex.def Info: 32.png  used on input line 620.
(pdftex.def)             Requested size: 471.20506pt x 187.17746pt.
<33.jpg, id=277, 472.76625pt x 282.30469pt>
File: 33.jpg Graphic file (type jpg)
<use 33.jpg>
Package pdftex.def Info: 33.jpg  used on input line 644.
(pdftex.def)             Requested size: 289.08673pt x 144.54208pt.

Underfull \hbox (badness 7081) in paragraph at lines 644--645
 [][] 
 []

[56 <./31.png> <./32.png>]
<34.jpg, id=282, 487.8225pt x 343.2825pt>
File: 34.jpg Graphic file (type jpg)
<use 34.jpg>
Package pdftex.def Info: 34.jpg  used on input line 668.
(pdftex.def)             Requested size: 289.07819pt x 144.53908pt.

Underfull \hbox (badness 7081) in paragraph at lines 668--669
 [][] 
 []

[57 <./33.jpg> <./34.jpg>]) [58]
\openout2 = `conclusion.aux'.

 (conclusion.tex
Chapter 8.
) [59



] (Book.bbl [60


] [61]
Underfull \hbox (badness 1112) in paragraph at lines 212--218
[]\OT1/ptm/m/n/12 S. Choosak-sakun-wi-boon, C. Ter-a-wong, S. Sut-tisirikul, I.
 Anan-tavrasilp, S. Thiem-jarus,
 []

[62]) [63] (Book.aux (declaration.aux) (ack.aux) (abs.aux) (introduction.aux)
(literature.aux) (technical.aux) (methodology.aux) (modeling.aux) (setup.aux)
(testing.aux) (conclusion.aux))

LaTeX Warning: There were undefined references.

 ) 
Here is how much of TeX's memory you used:
 26190 strings out of 492895
 502830 string characters out of 3123735
 536740 words of memory out of 3000000
 29626 multiletter control sequences out of 15000+200000
 563240 words of font info for 90 fonts, out of 3000000 for 9000
 1141 hyphenation exceptions out of 8191
 53i,13n,92p,1748b,722s stack positions out of 5000i,500n,10000p,200000b,50000s
{C:/Users/asifm/AppData/Local/Programs/MiKTeX 2.9/fonts/enc/dvips/base/8r.enc
}<C:/Users/asifm/AppData/Local/Programs/MiKTeX 2.9/fonts/type1/public/amsfonts/
cm/cmex10.pfb><C:/Users/asifm/AppData/Local/Programs/MiKTeX 2.9/fonts/type1/pub
lic/amsfonts/cm/cmmi12.pfb><C:/Users/asifm/AppData/Local/Programs/MiKTeX 2.9/fo
nts/type1/public/amsfonts/cm/cmmi6.pfb><C:/Users/asifm/AppData/Local/Programs/M
iKTeX 2.9/fonts/type1/public/amsfonts/cm/cmmi8.pfb><C:/Users/asifm/AppData/Loca
l/Programs/MiKTeX 2.9/fonts/type1/public/amsfonts/cm/cmr10.pfb><C:/Users/asifm/
AppData/Local/Programs/MiKTeX 2.9/fonts/type1/public/amsfonts/cm/cmr12.pfb><C:/
Users/asifm/AppData/Local/Programs/MiKTeX 2.9/fonts/type1/public/amsfonts/cm/cm
r6.pfb><C:/Users/asifm/AppData/Local/Programs/MiKTeX 2.9/fonts/type1/public/ams
fonts/cm/cmr8.pfb><C:/Users/asifm/AppData/Local/Programs/MiKTeX 2.9/fonts/type1
/public/amsfonts/cm/cmsy10.pfb><C:/Users/asifm/AppData/Local/Programs/MiKTeX 2.
9/fonts/type1/public/amsfonts/cm/cmsy6.pfb><C:/Users/asifm/AppData/Local/Progra
ms/MiKTeX 2.9/fonts/type1/public/amsfonts/cm/cmsy8.pfb><C:/Users/asifm/AppData/
Local/Programs/MiKTeX 2.9/fonts/type1/urw/times/utmb8a.pfb><C:/Users/asifm/AppD
ata/Local/Programs/MiKTeX 2.9/fonts/type1/urw/times/utmr8a.pfb><C:/Users/asifm/
AppData/Local/Programs/MiKTeX 2.9/fonts/type1/urw/times/utmri8a.pfb>
Output written on Book.pdf (73 pages, 4261306 bytes).
PDF statistics:
 354 PDF objects out of 1000 (max. 8388607)
 0 named destinations out of 1000 (max. 500000)
 221 words of extra memory for PDF output out of 10000 (max. 10000000)

